{"/home/sofit-jose/GIT/teste-transfeera/api/src/modules/favorecidos/favorecidos.collection.js": {"path":"/home/sofit-jose/GIT/teste-transfeera/api/src/modules/favorecidos/favorecidos.collection.js","statementMap":{"0":{"start":{"line":1,"column":26},"end":{"line":1,"column":70}},"1":{"start":{"line":3,"column":0},"end":{"line":94,"column":2}},"2":{"start":{"line":7,"column":8},"end":{"line":7,"column":41}},"3":{"start":{"line":12,"column":8},"end":{"line":15,"column":9}},"4":{"start":{"line":14,"column":12},"end":{"line":14,"column":62}},"5":{"start":{"line":17,"column":8},"end":{"line":17,"column":39}},"6":{"start":{"line":22,"column":8},"end":{"line":25,"column":9}},"7":{"start":{"line":24,"column":12},"end":{"line":24,"column":22}},"8":{"start":{"line":27,"column":19},"end":{"line":27,"column":42}},"9":{"start":{"line":29,"column":8},"end":{"line":39,"column":15}},"10":{"start":{"line":44,"column":8},"end":{"line":44,"column":70}},"11":{"start":{"line":49,"column":23},"end":{"line":49,"column":51}},"12":{"start":{"line":50,"column":27},"end":{"line":50,"column":53}},"13":{"start":{"line":52,"column":8},"end":{"line":54,"column":63}},"14":{"start":{"line":59,"column":27},"end":{"line":59,"column":53}},"15":{"start":{"line":61,"column":8},"end":{"line":63,"column":11}},"16":{"start":{"line":68,"column":27},"end":{"line":68,"column":53}},"17":{"start":{"line":70,"column":8},"end":{"line":72,"column":56}},"18":{"start":{"line":77,"column":27},"end":{"line":77,"column":53}},"19":{"start":{"line":79,"column":8},"end":{"line":81,"column":11}},"20":{"start":{"line":86,"column":27},"end":{"line":86,"column":53}},"21":{"start":{"line":88,"column":8},"end":{"line":92,"column":11}}},"fnMap":{"0":{"name":"(anonymous_0)","decl":{"start":{"line":5,"column":4},"end":{"line":5,"column":5}},"loc":{"start":{"line":5,"column":18},"end":{"line":8,"column":5}},"line":5},"1":{"name":"(anonymous_1)","decl":{"start":{"line":10,"column":4},"end":{"line":10,"column":5}},"loc":{"start":{"line":10,"column":28},"end":{"line":18,"column":5}},"line":10},"2":{"name":"(anonymous_2)","decl":{"start":{"line":20,"column":4},"end":{"line":20,"column":5}},"loc":{"start":{"line":20,"column":28},"end":{"line":40,"column":5}},"line":20},"3":{"name":"(anonymous_3)","decl":{"start":{"line":42,"column":4},"end":{"line":42,"column":5}},"loc":{"start":{"line":42,"column":26},"end":{"line":45,"column":5}},"line":42},"4":{"name":"(anonymous_4)","decl":{"start":{"line":47,"column":4},"end":{"line":47,"column":5}},"loc":{"start":{"line":47,"column":40},"end":{"line":55,"column":5}},"line":47},"5":{"name":"(anonymous_5)","decl":{"start":{"line":57,"column":4},"end":{"line":57,"column":5}},"loc":{"start":{"line":57,"column":21},"end":{"line":64,"column":5}},"line":57},"6":{"name":"(anonymous_6)","decl":{"start":{"line":66,"column":4},"end":{"line":66,"column":5}},"loc":{"start":{"line":66,"column":27},"end":{"line":73,"column":5}},"line":66},"7":{"name":"(anonymous_7)","decl":{"start":{"line":75,"column":4},"end":{"line":75,"column":5}},"loc":{"start":{"line":75,"column":24},"end":{"line":82,"column":5}},"line":75},"8":{"name":"(anonymous_8)","decl":{"start":{"line":84,"column":4},"end":{"line":84,"column":5}},"loc":{"start":{"line":84,"column":26},"end":{"line":93,"column":5}},"line":84}},"branchMap":{"0":{"loc":{"start":{"line":12,"column":8},"end":{"line":15,"column":9}},"type":"if","locations":[{"start":{"line":12,"column":8},"end":{"line":15,"column":9}},{"start":{"line":12,"column":8},"end":{"line":15,"column":9}}],"line":12},"1":{"loc":{"start":{"line":22,"column":8},"end":{"line":25,"column":9}},"type":"if","locations":[{"start":{"line":22,"column":8},"end":{"line":25,"column":9}},{"start":{"line":22,"column":8},"end":{"line":25,"column":9}}],"line":22},"2":{"loc":{"start":{"line":29,"column":15},"end":{"line":39,"column":14}},"type":"cond-expr","locations":[{"start":{"line":29,"column":24},"end":{"line":39,"column":9}},{"start":{"line":39,"column":12},"end":{"line":39,"column":14}}],"line":29},"3":{"loc":{"start":{"line":70,"column":15},"end":{"line":72,"column":55}},"type":"cond-expr","locations":[{"start":{"line":70,"column":20},"end":{"line":72,"column":26}},{"start":{"line":72,"column":29},"end":{"line":72,"column":55}}],"line":70}},"s":{"0":2,"1":2,"2":7,"3":11,"4":7,"5":11,"6":2,"7":1,"8":1,"9":1,"10":7,"11":2,"12":2,"13":2,"14":1,"15":1,"16":2,"17":2,"18":1,"19":1,"20":1,"21":1},"f":{"0":7,"1":11,"2":2,"3":7,"4":2,"5":1,"6":2,"7":1,"8":1},"b":{"0":[7,4],"1":[1,1],"2":[1,0],"3":[1,1]},"_coverageSchema":"1a1c01bbd47fc00a2c39e90264f33305004495a9","hash":"af351e5a7fa1393611f0dd3210c74d9c6af4b5fb"}
,"/home/sofit-jose/GIT/teste-transfeera/api/src/modules/favorecidos/favorecidos.controller.js": {"path":"/home/sofit-jose/GIT/teste-transfeera/api/src/modules/favorecidos/favorecidos.controller.js","statementMap":{"0":{"start":{"line":1,"column":30},"end":{"line":1,"column":65}},"1":{"start":{"line":3,"column":0},"end":{"line":62,"column":1}},"2":{"start":{"line":7,"column":8},"end":{"line":7,"column":43}},"3":{"start":{"line":16,"column":12},"end":{"line":16,"column":21}},"4":{"start":{"line":17,"column":24},"end":{"line":17,"column":97}},"5":{"start":{"line":19,"column":8},"end":{"line":19,"column":33}},"6":{"start":{"line":26,"column":12},"end":{"line":26,"column":15}},"7":{"start":{"line":27,"column":23},"end":{"line":27,"column":84}},"8":{"start":{"line":29,"column":8},"end":{"line":29,"column":32}},"9":{"start":{"line":37,"column":12},"end":{"line":37,"column":15}},"10":{"start":{"line":38,"column":23},"end":{"line":38,"column":90}},"11":{"start":{"line":40,"column":8},"end":{"line":40,"column":32}},"12":{"start":{"line":47,"column":12},"end":{"line":47,"column":15}},"13":{"start":{"line":48,"column":23},"end":{"line":48,"column":87}},"14":{"start":{"line":50,"column":8},"end":{"line":50,"column":32}},"15":{"start":{"line":57,"column":12},"end":{"line":57,"column":15}},"16":{"start":{"line":58,"column":24},"end":{"line":58,"column":88}},"17":{"start":{"line":60,"column":8},"end":{"line":60,"column":33}}},"fnMap":{"0":{"name":"(anonymous_0)","decl":{"start":{"line":5,"column":4},"end":{"line":5,"column":5}},"loc":{"start":{"line":5,"column":27},"end":{"line":8,"column":5}},"line":5},"1":{"name":"(anonymous_1)","decl":{"start":{"line":10,"column":4},"end":{"line":10,"column":5}},"loc":{"start":{"line":10,"column":34},"end":{"line":20,"column":5}},"line":10},"2":{"name":"(anonymous_2)","decl":{"start":{"line":22,"column":4},"end":{"line":22,"column":5}},"loc":{"start":{"line":22,"column":34},"end":{"line":30,"column":5}},"line":22},"3":{"name":"(anonymous_3)","decl":{"start":{"line":32,"column":4},"end":{"line":32,"column":5}},"loc":{"start":{"line":32,"column":34},"end":{"line":41,"column":5}},"line":32},"4":{"name":"(anonymous_4)","decl":{"start":{"line":43,"column":4},"end":{"line":43,"column":5}},"loc":{"start":{"line":43,"column":37},"end":{"line":51,"column":5}},"line":43},"5":{"name":"(anonymous_5)","decl":{"start":{"line":53,"column":4},"end":{"line":53,"column":5}},"loc":{"start":{"line":53,"column":38},"end":{"line":61,"column":5}},"line":53}},"branchMap":{},"s":{"0":1,"1":1,"2":8,"3":2,"4":2,"5":2,"6":1,"7":1,"8":1,"9":2,"10":2,"11":2,"12":1,"13":1,"14":1,"15":1,"16":1,"17":1},"f":{"0":8,"1":2,"2":1,"3":2,"4":1,"5":1},"b":{},"_coverageSchema":"1a1c01bbd47fc00a2c39e90264f33305004495a9","hash":"2a159fcbefac331ea262bcd76037bf2e39214dc7"}
,"/home/sofit-jose/GIT/teste-transfeera/api/src/services/connection.service.js": {"path":"/home/sofit-jose/GIT/teste-transfeera/api/src/services/connection.service.js","statementMap":{"0":{"start":{"line":1,"column":34},"end":{"line":1,"column":52}},"1":{"start":{"line":2,"column":16},"end":{"line":2,"column":44}},"2":{"start":{"line":4,"column":0},"end":{"line":37,"column":2}},"3":{"start":{"line":8,"column":8},"end":{"line":8,"column":24}},"4":{"start":{"line":13,"column":8},"end":{"line":13,"column":32}},"5":{"start":{"line":18,"column":8},"end":{"line":21,"column":9}},"6":{"start":{"line":20,"column":12},"end":{"line":20,"column":45}},"7":{"start":{"line":23,"column":8},"end":{"line":28,"column":11}},"8":{"start":{"line":25,"column":12},"end":{"line":25,"column":75}},"9":{"start":{"line":27,"column":12},"end":{"line":27,"column":28}},"10":{"start":{"line":33,"column":19},"end":{"line":33,"column":37}},"11":{"start":{"line":35,"column":8},"end":{"line":35,"column":41}}},"fnMap":{"0":{"name":"(anonymous_0)","decl":{"start":{"line":6,"column":4},"end":{"line":6,"column":5}},"loc":{"start":{"line":6,"column":18},"end":{"line":9,"column":5}},"line":6},"1":{"name":"(anonymous_1)","decl":{"start":{"line":11,"column":4},"end":{"line":11,"column":5}},"loc":{"start":{"line":11,"column":20},"end":{"line":14,"column":5}},"line":11},"2":{"name":"(anonymous_2)","decl":{"start":{"line":16,"column":4},"end":{"line":16,"column":5}},"loc":{"start":{"line":16,"column":18},"end":{"line":29,"column":5}},"line":16},"3":{"name":"(anonymous_3)","decl":{"start":{"line":23,"column":86},"end":{"line":23,"column":87}},"loc":{"start":{"line":23,"column":100},"end":{"line":28,"column":9}},"line":23},"4":{"name":"(anonymous_4)","decl":{"start":{"line":31,"column":4},"end":{"line":31,"column":5}},"loc":{"start":{"line":31,"column":36},"end":{"line":36,"column":5}},"line":31}},"branchMap":{"0":{"loc":{"start":{"line":18,"column":8},"end":{"line":21,"column":9}},"type":"if","locations":[{"start":{"line":18,"column":8},"end":{"line":21,"column":9}},{"start":{"line":18,"column":8},"end":{"line":21,"column":9}}],"line":18},"1":{"loc":{"start":{"line":25,"column":37},"end":{"line":25,"column":73}},"type":"binary-expr","locations":[{"start":{"line":25,"column":37},"end":{"line":25,"column":57}},{"start":{"line":25,"column":61},"end":{"line":25,"column":73}}],"line":25}},"s":{"0":3,"1":3,"2":3,"3":11,"4":7,"5":4,"6":1,"7":3,"8":3,"9":3,"10":3,"11":3},"f":{"0":11,"1":7,"2":4,"3":3,"4":3},"b":{"0":[1,3],"1":[3,3]},"_coverageSchema":"1a1c01bbd47fc00a2c39e90264f33305004495a9","hash":"1d78926e5037c18b85ea0584fba927b3c6e7216a"}
}
