TN:
SF:src/modules/favorecidos/favorecidos.collection.js
FN:5,(anonymous_0)
FN:10,(anonymous_1)
FN:20,(anonymous_2)
FN:42,(anonymous_3)
FN:47,(anonymous_4)
FN:62,(anonymous_5)
FN:71,(anonymous_6)
FN:82,(anonymous_7)
FN:91,(anonymous_8)
FNF:9
FNH:9
FNDA:7,(anonymous_0)
FNDA:11,(anonymous_1)
FNDA:2,(anonymous_2)
FNDA:7,(anonymous_3)
FNDA:2,(anonymous_4)
FNDA:1,(anonymous_5)
FNDA:2,(anonymous_6)
FNDA:1,(anonymous_7)
FNDA:1,(anonymous_8)
DA:1,2
DA:3,2
DA:7,7
DA:12,11
DA:14,7
DA:17,11
DA:22,2
DA:24,1
DA:27,1
DA:29,1
DA:44,7
DA:49,2
DA:50,2
DA:51,2
DA:52,2
DA:56,2
DA:64,1
DA:66,1
DA:73,2
DA:75,2
DA:84,1
DA:86,1
DA:93,1
DA:95,1
LF:24
LH:24
BRDA:12,0,0,7
BRDA:12,0,1,4
BRDA:22,1,0,1
BRDA:22,1,1,1
BRDA:29,2,0,1
BRDA:29,2,1,0
BRDA:75,3,0,1
BRDA:75,3,1,1
BRF:8
BRH:7
end_of_record
TN:
SF:src/modules/favorecidos/favorecidos.controller.js
FN:5,(anonymous_0)
FN:10,(anonymous_1)
FN:22,(anonymous_2)
FN:32,(anonymous_3)
FN:43,(anonymous_4)
FN:53,(anonymous_5)
FNF:6
FNH:6
FNDA:8,(anonymous_0)
FNDA:2,(anonymous_1)
FNDA:1,(anonymous_2)
FNDA:2,(anonymous_3)
FNDA:1,(anonymous_4)
FNDA:1,(anonymous_5)
DA:1,1
DA:3,1
DA:7,8
DA:16,2
DA:17,2
DA:19,2
DA:26,1
DA:27,1
DA:29,1
DA:37,2
DA:38,2
DA:40,2
DA:47,1
DA:48,1
DA:50,1
DA:57,1
DA:58,1
DA:60,1
LF:18
LH:18
BRF:0
BRH:0
end_of_record
TN:
SF:src/services/connection.service.js
FN:6,(anonymous_0)
FN:11,(anonymous_1)
FN:16,(anonymous_2)
FN:23,(anonymous_3)
FN:31,(anonymous_4)
FNF:5
FNH:5
FNDA:11,(anonymous_0)
FNDA:7,(anonymous_1)
FNDA:4,(anonymous_2)
FNDA:3,(anonymous_3)
FNDA:3,(anonymous_4)
DA:1,3
DA:2,3
DA:4,3
DA:8,11
DA:13,7
DA:18,4
DA:20,1
DA:23,3
DA:25,3
DA:27,3
DA:33,3
DA:35,3
LF:12
LH:12
BRDA:18,0,0,1
BRDA:18,0,1,3
BRDA:25,1,0,3
BRDA:25,1,1,3
BRF:4
BRH:4
end_of_record
